app/build/intermediates/manifest_merge_blame_file/debug/manifest-merger-blame-debug-report.txt
1<?xml version="1.0" encoding="utf-8"?>
2<manifest xmlns:android="http://schemas.android.com/apk/res/android"
3    package="com.spiralgang.srirachaarmy.devutility.debug"
4    android:versionCode="1"
5    android:versionName="2.5.0-sriracha" >
6
7    <uses-sdk
8        android:minSdkVersion="29"
9        android:targetSdkVersion="34" />
10
11    <!-- Network permissions for DeepSeek API and cloud services -->
12    <uses-permission android:name="android.permission.INTERNET" />
12-->src/main/AndroidManifest.xml:6:5-67
12-->src/main/AndroidManifest.xml:6:22-64
13    <uses-permission android:name="android.permission.ACCESS_NETWORK_STATE" />
13-->src/main/AndroidManifest.xml:7:5-79
13-->src/main/AndroidManifest.xml:7:22-76
14
15    <!-- Storage permissions for file management -->
16    <uses-permission android:name="android.permission.READ_EXTERNAL_STORAGE" />
16-->src/main/AndroidManifest.xml:10:5-80
16-->src/main/AndroidManifest.xml:10:22-77
17    <uses-permission android:name="android.permission.WRITE_EXTERNAL_STORAGE" />
17-->src/main/AndroidManifest.xml:11:5-81
17-->src/main/AndroidManifest.xml:11:22-78
18    <uses-permission android:name="android.permission.MANAGE_EXTERNAL_STORAGE" />
18-->src/main/AndroidManifest.xml:12:5-13:40
18-->src/main/AndroidManifest.xml:12:22-79
19
20    <!-- Terminal and SSH permissions -->
21    <uses-permission android:name="android.permission.ACCESS_WIFI_STATE" />
21-->src/main/AndroidManifest.xml:16:5-76
21-->src/main/AndroidManifest.xml:16:22-73
22
23    <!-- Screen-hop operations and accessibility -->
24    <uses-permission android:name="android.permission.SYSTEM_ALERT_WINDOW" />
24-->src/main/AndroidManifest.xml:19:5-78
24-->src/main/AndroidManifest.xml:19:22-75
25    <uses-permission android:name="android.permission.BIND_ACCESSIBILITY_SERVICE" />
25-->src/main/AndroidManifest.xml:20:5-85
25-->src/main/AndroidManifest.xml:20:22-82
26
27    <!-- FloatWindowWatcher integration -->
28    <uses-permission android:name="android.permission.RECORD_AUDIO" />
28-->src/main/AndroidManifest.xml:23:5-71
28-->src/main/AndroidManifest.xml:23:22-68
29
30    <!-- Wake lock for background operations -->
31    <uses-permission android:name="android.permission.WAKE_LOCK" />
31-->src/main/AndroidManifest.xml:26:5-68
31-->src/main/AndroidManifest.xml:26:22-65
32
33    <!-- Foreground service for continuous operations -->
34    <uses-permission android:name="android.permission.FOREGROUND_SERVICE" />
34-->src/main/AndroidManifest.xml:29:5-77
34-->src/main/AndroidManifest.xml:29:22-74
35
36    <!-- Hardware Features -->
37    <uses-feature
37-->src/main/AndroidManifest.xml:32:5-89
38        android:name="android.hardware.touchscreen"
38-->src/main/AndroidManifest.xml:32:19-62
39        android:required="true" />
39-->src/main/AndroidManifest.xml:32:63-86
40    <uses-feature
40-->src/main/AndroidManifest.xml:33:5-93
41        android:name="android.software.live_wallpaper"
41-->src/main/AndroidManifest.xml:33:19-65
42        android:required="false" />
42-->src/main/AndroidManifest.xml:33:66-90
43
44    <permission
44-->[androidx.core:core:1.12.0] AndroidManifest.xml:22:5-24:47
45        android:name="com.spiralgang.srirachaarmy.devutility.debug.DYNAMIC_RECEIVER_NOT_EXPORTED_PERMISSION"
45-->[androidx.core:core:1.12.0] AndroidManifest.xml:23:9-81
46        android:protectionLevel="signature" />
46-->[androidx.core:core:1.12.0] AndroidManifest.xml:24:9-44
47
48    <uses-permission android:name="com.spiralgang.srirachaarmy.devutility.debug.DYNAMIC_RECEIVER_NOT_EXPORTED_PERMISSION" />
48-->[androidx.core:core:1.12.0] AndroidManifest.xml:26:5-97
48-->[androidx.core:core:1.12.0] AndroidManifest.xml:26:22-94
49
50    <application
50-->src/main/AndroidManifest.xml:35:5-103:19
51        android:name="com.spiralgang.srirachaarmy.devutility.SrirachaArmyApplication"
51-->src/main/AndroidManifest.xml:36:9-48
52        android:allowBackup="true"
52-->src/main/AndroidManifest.xml:37:9-35
53        android:appComponentFactory="androidx.core.app.CoreComponentFactory"
53-->[androidx.core:core:1.12.0] AndroidManifest.xml:28:18-86
54        android:dataExtractionRules="@xml/data_extraction_rules"
54-->src/main/AndroidManifest.xml:38:9-65
55        android:debuggable="true"
56        android:extractNativeLibs="false"
57        android:fullBackupContent="@xml/backup_rules"
57-->src/main/AndroidManifest.xml:39:9-54
58        android:hardwareAccelerated="true"
58-->src/main/AndroidManifest.xml:45:9-43
59        android:icon="@mipmap/ic_launcher"
59-->src/main/AndroidManifest.xml:40:9-43
60        android:label="@string/app_name"
60-->src/main/AndroidManifest.xml:41:9-41
61        android:requestLegacyExternalStorage="true"
61-->src/main/AndroidManifest.xml:47:9-52
62        android:resizeableActivity="true"
62-->src/main/AndroidManifest.xml:46:9-42
63        android:roundIcon="@mipmap/ic_launcher_round"
63-->src/main/AndroidManifest.xml:42:9-54
64        android:supportsRtl="true"
64-->src/main/AndroidManifest.xml:43:9-35
65        android:theme="@style/Theme.DevUtilitySrirachaArmy" >
65-->src/main/AndroidManifest.xml:44:9-60
66
67        <!-- Main Activity -->
68        <activity
68-->src/main/AndroidManifest.xml:51:9-63:20
69            android:name="com.spiralgang.srirachaarmy.devutility.MainActivity"
69-->src/main/AndroidManifest.xml:52:13-41
70            android:configChanges="orientation|screenSize|keyboardHidden"
70-->src/main/AndroidManifest.xml:58:13-74
71            android:exported="true"
71-->src/main/AndroidManifest.xml:53:13-36
72            android:label="@string/app_name"
72-->src/main/AndroidManifest.xml:54:13-45
73            android:screenOrientation="sensor"
73-->src/main/AndroidManifest.xml:57:13-47
74            android:theme="@style/Theme.DevUtilitySrirachaArmy"
74-->src/main/AndroidManifest.xml:55:13-64
75            android:windowSoftInputMode="adjustResize" >
75-->src/main/AndroidManifest.xml:56:13-55
76            <intent-filter>
76-->src/main/AndroidManifest.xml:59:13-62:29
77                <action android:name="android.intent.action.MAIN" />
77-->src/main/AndroidManifest.xml:60:17-69
77-->src/main/AndroidManifest.xml:60:25-66
78
79                <category android:name="android.intent.category.LAUNCHER" />
79-->src/main/AndroidManifest.xml:61:17-77
79-->src/main/AndroidManifest.xml:61:27-74
80            </intent-filter>
81        </activity>
82
83        <!-- Accessibility Service for Screen-Hop Operations -->
84        <service
84-->src/main/AndroidManifest.xml:66:9-76:19
85            android:name="com.spiralgang.srirachaarmy.devutility.accessibility.SrirachaScreenHopService"
85-->src/main/AndroidManifest.xml:67:13-67
86            android:exported="true"
86-->src/main/AndroidManifest.xml:69:13-36
87            android:permission="android.permission.BIND_ACCESSIBILITY_SERVICE" >
87-->src/main/AndroidManifest.xml:68:13-79
88            <intent-filter>
88-->src/main/AndroidManifest.xml:70:13-72:29
89                <action android:name="android.accessibilityservice.AccessibilityService" />
89-->src/main/AndroidManifest.xml:71:17-92
89-->src/main/AndroidManifest.xml:71:25-89
90            </intent-filter>
91
92            <meta-data
92-->src/main/AndroidManifest.xml:73:13-75:72
93                android:name="android.accessibilityservice"
93-->src/main/AndroidManifest.xml:74:17-60
94                android:resource="@xml/accessibility_service_config" />
94-->src/main/AndroidManifest.xml:75:17-69
95        </service>
96
97        <!-- FloatWindowWatcher Service -->
98        <service
98-->src/main/AndroidManifest.xml:79:9-83:63
99            android:name="com.spiralgang.srirachaarmy.devutility.execution.FloatWindowWatcher"
99-->src/main/AndroidManifest.xml:80:13-57
100            android:enabled="true"
100-->src/main/AndroidManifest.xml:81:13-35
101            android:exported="false"
101-->src/main/AndroidManifest.xml:82:13-37
102            android:foregroundServiceType="mediaProjection" />
102-->src/main/AndroidManifest.xml:83:13-60
103
104        <!-- AI Think Module Service -->
105        <service
105-->src/main/AndroidManifest.xml:86:9-88:40
106            android:name="com.spiralgang.srirachaarmy.devutility.ai.AIThinkModule"
106-->src/main/AndroidManifest.xml:87:13-45
107            android:exported="false" />
107-->src/main/AndroidManifest.xml:88:13-37
108
109        <!-- Work Manager for background tasks -->
110        <provider
110-->src/main/AndroidManifest.xml:91:9-101:20
111            android:name="androidx.startup.InitializationProvider"
111-->src/main/AndroidManifest.xml:92:13-67
112            android:authorities="com.spiralgang.srirachaarmy.devutility.androidx-startup"
112-->src/main/AndroidManifest.xml:93:13-90
113            android:exported="false" >
113-->src/main/AndroidManifest.xml:94:13-37
114            <meta-data
114-->[androidx.emoji2:emoji2:1.3.0] AndroidManifest.xml:29:13-31:52
115                android:name="androidx.emoji2.text.EmojiCompatInitializer"
115-->[androidx.emoji2:emoji2:1.3.0] AndroidManifest.xml:30:17-75
116                android:value="androidx.startup" />
116-->[androidx.emoji2:emoji2:1.3.0] AndroidManifest.xml:31:17-49
117            <meta-data
117-->[androidx.lifecycle:lifecycle-process:2.7.0] AndroidManifest.xml:29:13-31:52
118                android:name="androidx.lifecycle.ProcessLifecycleInitializer"
118-->[androidx.lifecycle:lifecycle-process:2.7.0] AndroidManifest.xml:30:17-78
119                android:value="androidx.startup" />
119-->[androidx.lifecycle:lifecycle-process:2.7.0] AndroidManifest.xml:31:17-49
120            <meta-data
120-->[androidx.profileinstaller:profileinstaller:1.3.0] AndroidManifest.xml:29:13-31:52
121                android:name="androidx.profileinstaller.ProfileInstallerInitializer"
121-->[androidx.profileinstaller:profileinstaller:1.3.0] AndroidManifest.xml:30:17-85
122                android:value="androidx.startup" />
122-->[androidx.profileinstaller:profileinstaller:1.3.0] AndroidManifest.xml:31:17-49
123        </provider>
124
125        <activity
125-->[androidx.compose.ui:ui-test-manifest:1.6.1] AndroidManifest.xml:23:9-25:39
126            android:name="androidx.activity.ComponentActivity"
126-->[androidx.compose.ui:ui-test-manifest:1.6.1] AndroidManifest.xml:24:13-63
127            android:exported="true" />
127-->[androidx.compose.ui:ui-test-manifest:1.6.1] AndroidManifest.xml:25:13-36
128        <activity
128-->[androidx.compose.ui:ui-tooling-android:1.6.1] AndroidManifest.xml:23:9-25:39
129            android:name="androidx.compose.ui.tooling.PreviewActivity"
129-->[androidx.compose.ui:ui-tooling-android:1.6.1] AndroidManifest.xml:24:13-71
130            android:exported="true" />
130-->[androidx.compose.ui:ui-tooling-android:1.6.1] AndroidManifest.xml:25:13-36
131
132        <receiver
132-->[androidx.profileinstaller:profileinstaller:1.3.0] AndroidManifest.xml:34:9-52:20
133            android:name="androidx.profileinstaller.ProfileInstallReceiver"
133-->[androidx.profileinstaller:profileinstaller:1.3.0] AndroidManifest.xml:35:13-76
134            android:directBootAware="false"
134-->[androidx.profileinstaller:profileinstaller:1.3.0] AndroidManifest.xml:36:13-44
135            android:enabled="true"
135-->[androidx.profileinstaller:profileinstaller:1.3.0] AndroidManifest.xml:37:13-35
136            android:exported="true"
136-->[androidx.profileinstaller:profileinstaller:1.3.0] AndroidManifest.xml:38:13-36
137            android:permission="android.permission.DUMP" >
137-->[androidx.profileinstaller:profileinstaller:1.3.0] AndroidManifest.xml:39:13-57
138            <intent-filter>
138-->[androidx.profileinstaller:profileinstaller:1.3.0] AndroidManifest.xml:40:13-42:29
139                <action android:name="androidx.profileinstaller.action.INSTALL_PROFILE" />
139-->[androidx.profileinstaller:profileinstaller:1.3.0] AndroidManifest.xml:41:17-91
139-->[androidx.profileinstaller:profileinstaller:1.3.0] AndroidManifest.xml:41:25-88
140            </intent-filter>
141            <intent-filter>
141-->[androidx.profileinstaller:profileinstaller:1.3.0] AndroidManifest.xml:43:13-45:29
142                <action android:name="androidx.profileinstaller.action.SKIP_FILE" />
142-->[androidx.profileinstaller:profileinstaller:1.3.0] AndroidManifest.xml:44:17-85
142-->[androidx.profileinstaller:profileinstaller:1.3.0] AndroidManifest.xml:44:25-82
143            </intent-filter>
144            <intent-filter>
144-->[androidx.profileinstaller:profileinstaller:1.3.0] AndroidManifest.xml:46:13-48:29
145                <action android:name="androidx.profileinstaller.action.SAVE_PROFILE" />
145-->[androidx.profileinstaller:profileinstaller:1.3.0] AndroidManifest.xml:47:17-88
145-->[androidx.profileinstaller:profileinstaller:1.3.0] AndroidManifest.xml:47:25-85
146            </intent-filter>
147            <intent-filter>
147-->[androidx.profileinstaller:profileinstaller:1.3.0] AndroidManifest.xml:49:13-51:29
148                <action android:name="androidx.profileinstaller.action.BENCHMARK_OPERATION" />
148-->[androidx.profileinstaller:profileinstaller:1.3.0] AndroidManifest.xml:50:17-95
148-->[androidx.profileinstaller:profileinstaller:1.3.0] AndroidManifest.xml:50:25-92
149            </intent-filter>
150        </receiver>
151    </application>
152
153</manifest>